\BOOKMARK [0][-]{chapter.1}{Research}{}% 1
\BOOKMARK [1][-]{section.1.1}{Related Projects}{chapter.1}% 2
\BOOKMARK [0][-]{chapter.2}{Design and Implementation}{}% 3
\BOOKMARK [1][-]{section.2.1}{Design}{chapter.2}% 4
\BOOKMARK [2][-]{subsection.2.1.1}{System Architecture Diagram}{section.2.1}% 5
\BOOKMARK [2][-]{subsection.2.1.2}{Site Maps}{section.2.1}% 6
\BOOKMARK [2][-]{subsection.2.1.3}{Application Structure}{section.2.1}% 7
\BOOKMARK [2][-]{subsection.2.1.4}{Design Patterns}{section.2.1}% 8
\BOOKMARK [1][-]{section.2.2}{Implementation}{chapter.2}% 9
\BOOKMARK [2][-]{subsection.2.2.1}{Development Tools}{section.2.2}% 10
\BOOKMARK [2][-]{subsection.2.2.2}{Front-End Technologies}{section.2.2}% 11
\BOOKMARK [2][-]{subsection.2.2.3}{Back-End Technologies}{section.2.2}% 12
\BOOKMARK [2][-]{subsection.2.2.4}{Implementation of Key Functionality}{section.2.2}% 13
\BOOKMARK [2][-]{subsection.2.2.5}{VR Tagging System}{section.2.2}% 14
\BOOKMARK [2][-]{subsection.2.2.6}{VR Viewer}{section.2.2}% 15
\BOOKMARK [2][-]{subsection.2.2.7}{Data Storage}{section.2.2}% 16
\BOOKMARK [0][-]{section*.10}{Appendices}{}% 17
\BOOKMARK [0][-]{Appendix.1.A}{Deployment Manual}{}% 18
\BOOKMARK [1][-]{section.1.A.1}{Deploying the VR Tagging Engine}{Appendix.1.A}% 19
\BOOKMARK [1][-]{section.1.A.2}{Deploying the VR Viewer}{Appendix.1.A}% 20
\BOOKMARK [0][-]{Appendix.1.B}{System Manual}{}% 21
\BOOKMARK [1][-]{section.1.B.1}{Working on the VR Engine}{Appendix.1.B}% 22
\BOOKMARK [2][-]{subsection.1.B.1.1}{API Endpoint Map}{section.1.B.1}% 23
\BOOKMARK [1][-]{section.1.B.2}{Working on the VR Viewer}{Appendix.1.B}% 24
\BOOKMARK [0][-]{Appendix.1.C}{Usecase Diagram}{}% 25
